<?xml version="1.0" encoding="UTF-8"?>
<coverage generated="1643797573586" clover="3.2.0">
  <project timestamp="1643797573586" name="All files">
    <metrics statements="21" coveredstatements="6" conditionals="4" coveredconditionals="2" methods="13" coveredmethods="4" elements="38" coveredelements="12" complexity="0" loc="21" ncloc="21" packages="1" files="1" classes="1"/>
    <file name="storage.js" path="C:\Users\TONY\Desktop\To-Do-list\src\storage.js">
      <metrics statements="21" coveredstatements="6" conditionals="4" coveredconditionals="2" methods="13" coveredmethods="4"/>
      <line num="4" count="2" type="cond" truecount="2" falsecount="0"/>
      <line num="8" count="3" type="stmt"/>
      <line num="9" count="3" type="stmt"/>
      <line num="13" count="3" type="stmt"/>
      <line num="14" count="1" type="stmt"/>
      <line num="15" count="0" type="stmt"/>
      <line num="17" count="1" type="stmt"/>
      <line num="21" count="0" type="stmt"/>
      <line num="22" count="0" type="cond" truecount="0" falsecount="2"/>
      <line num="23" count="0" type="stmt"/>
      <line num="25" count="0" type="stmt"/>
      <line num="27" count="0" type="stmt"/>
      <line num="31" count="0" type="stmt"/>
      <line num="32" count="0" type="stmt"/>
      <line num="36" count="0" type="stmt"/>
      <line num="37" count="0" type="stmt"/>
      <line num="38" count="0" type="stmt"/>
      <line num="42" count="0" type="stmt"/>
      <line num="43" count="0" type="stmt"/>
      <line num="44" count="0" type="stmt"/>
      <line num="46" count="0" type="stmt"/>
    </file>
  </project>
</coverage>
